  Using 'git status' to determine working set for adaptive non-unity build (C:\Users\Administrador\Documents\Unreal Projects\Unreal-Prisma).
  Parsing headers for ArkanoidEditor
    Running UnrealHeaderTool "C:\Users\Administrador\Documents\Unreal Projects\Unreal-Prisma\Arkanoid\Arkanoid.uproject" "C:\Users\Administrador\Documents\Unreal Projects\Unreal-Prisma\Arkanoid\Intermediate\Build\Win64\ArkanoidEditor\Development\ArkanoidEditor.uhtmanifest" -LogCmds="loginit warning, logexit warning, logdatabase error" -Unattended -WarningsAsErrors -abslog="C:\Users\Administrador\AppData\Local\UnrealBuildTool\Log_UHT.txt" -installed
  LogInit: Display: Loading text-based GConfig....
  Reflection code generated for ArkanoidEditor in 3,6277675 seconds
  Building ArkanoidEditor...
  Using Visual Studio 2019 14.29.30141 toolchain (C:\Program Files (x86)\Microsoft Visual Studio\2019\Professional\VC\Tools\MSVC\14.29.30133) and Windows 10.0.19041.0 SDK (C:\Program Files (x86)\Windows Kits\10).
  Building 6 actions with 12 processes...
    [1/6] Paddle.cpp
C:\Users\Administrador\Documents\Unreal Projects\Unreal-Prisma\Arkanoid\Source\Arkanoid\Paddle.h(24): error C2143: error de sintaxis: falta ';' delante de '*'
C:\Users\Administrador\Documents\Unreal Projects\Unreal-Prisma\Arkanoid\Source\Arkanoid\Paddle.h(24): error C4430: falta el especificador de tipo; se presupone int. Nota: C++ no admite default-int
C:\Users\Administrador\Documents\Unreal Projects\Unreal-Prisma\Arkanoid\Source\Arkanoid\Paddle.h(24): error C2238: símbolos (token) inesperados delante de ';'
C:\Users\Administrador\Documents\Unreal Projects\Unreal-Prisma\Arkanoid\Source\Arkanoid\Paddle.h(12): error C2039: "FloatingMovement": no es un miembro de "APaddle"
    C:\Users\Administrador\Documents\Unreal Projects\Unreal-Prisma\Arkanoid\Source\Arkanoid\Paddle.h(10): note: vea la declaración de 'APaddle'
C:\Users\Administrador\Documents\Unreal Projects\Unreal-Prisma\Arkanoid\Source\Arkanoid\Paddle.h(12): error C2618: designador de miembro ilegal en offsetof
    C:\Users\Administrador\Documents\Unreal Projects\Unreal-Prisma\Arkanoid\Source\Arkanoid\Paddle.h(12): note: offsetof tiene un significado de tipo builtin; use /Zc:offsetof- para revertir a la definición antigua, no conforme
    [2/6] Paddle.gen.cpp
C:\Users\Administrador\Documents\Unreal Projects\Unreal-Prisma\Arkanoid\Source\Arkanoid/Paddle.h(24): error C2143: error de sintaxis: falta ';' delante de '*'
C:\Users\Administrador\Documents\Unreal Projects\Unreal-Prisma\Arkanoid\Source\Arkanoid/Paddle.h(24): error C4430: falta el especificador de tipo; se presupone int. Nota: C++ no admite default-int
C:\Users\Administrador\Documents\Unreal Projects\Unreal-Prisma\Arkanoid\Source\Arkanoid/Paddle.h(24): error C2238: símbolos (token) inesperados delante de ';'
C:\Users\Administrador\Documents\Unreal Projects\Unreal-Prisma\Arkanoid\Source\Arkanoid/Paddle.h(12): error C2039: "FloatingMovement": no es un miembro de "APaddle"
    C:\Users\Administrador\Documents\Unreal Projects\Unreal-Prisma\Arkanoid\Source\Arkanoid/Paddle.h(10): note: vea la declaración de 'APaddle'
C:\Users\Administrador\Documents\Unreal Projects\Unreal-Prisma\Arkanoid\Source\Arkanoid/Paddle.h(12): error C2618: designador de miembro ilegal en offsetof
    C:\Users\Administrador\Documents\Unreal Projects\Unreal-Prisma\Arkanoid\Source\Arkanoid/Paddle.h(12): note: offsetof tiene un significado de tipo builtin; use /Zc:offsetof- para revertir a la definición antigua, no conforme
C:\Users\Administrador\Documents\Unreal Projects\Unreal-Prisma\Arkanoid\Intermediate\Build\Win64\UE4Editor\Inc\Arkanoid\Paddle.gen.cpp(74): error C2039: "FloatingMovement": no es un miembro de "APaddle"
    C:\Users\Administrador\Documents\Unreal Projects\Unreal-Prisma\Arkanoid\Source\Arkanoid/Paddle.h(10): note: vea la declaración de 'APaddle'
C:\Users\Administrador\Documents\Unreal Projects\Unreal-Prisma\Arkanoid\Intermediate\Build\Win64\UE4Editor\Inc\Arkanoid\Paddle.gen.cpp(74): error C2618: designador de miembro ilegal en offsetof
    C:\Users\Administrador\Documents\Unreal Projects\Unreal-Prisma\Arkanoid\Intermediate\Build\Win64\UE4Editor\Inc\Arkanoid\Paddle.gen.cpp(74): note: offsetof tiene un significado de tipo builtin; use /Zc:offsetof- para revertir a la definición antigua, no conforme
    [3/6] Arkanoid.init.gen.cpp
C:\Program Files (x86)\Microsoft Visual Studio\2019\Professional\MSBuild\Microsoft\VC\v160\Microsoft.MakeFile.Targets(45,5): error MSB3073: El comando ""C:\Program Files\Epic Games\UE_4.27\Engine\Build\BatchFiles\Build.bat" ArkanoidEditor Win64 Development -Project="C:\Users\Administrador\Documents\Unreal Projects\Unreal-Prisma\Arkanoid\Arkanoid.uproject" -WaitMutex -FromMsBuild" salió con el código 6.
